<?xml version="1.0" encoding="UTF-8"?>
<testng-results ignored="0" total="1" passed="1" failed="0" skipped="0">
  <reporter-output>
    <line>
      <![CDATA[books page displayed]]>
    </line>
    <line>
      <![CDATA[Fictionexpage displayed]]>
    </line>
  </reporter-output>
  <suite started-at="2024-04-24T13:03:48 IST" name="Default suite" finished-at="2024-04-24T13:04:08 IST" duration-ms="20008">
    <groups>
    </groups>
    <test started-at="2024-04-24T13:03:48 IST" name="Default test" finished-at="2024-04-24T13:04:08 IST" duration-ms="20008">
      <class name="org.automation.test_script.Books03">
        <test-method is-config="true" signature="launch_Browser()[pri:0, instance:org.automation.test_script.Books03@17497425]" started-at="2024-04-24T13:03:48 IST" name="launch_Browser" finished-at="2024-04-24T13:03:56 IST" duration-ms="7962" status="PASS">
          <reporter-output>
          </reporter-output>
        </test-method> <!-- launch_Browser -->
        <test-method is-config="true" signature="login()[pri:0, instance:org.automation.test_script.Books03@17497425]" started-at="2024-04-24T13:03:56 IST" name="login" finished-at="2024-04-24T13:04:00 IST" duration-ms="3906" status="PASS">
          <reporter-output>
          </reporter-output>
        </test-method> <!-- login -->
        <test-method signature="Verify_User_Is_able_To_Remove_Product_Compare_ProductList()[pri:0, instance:org.automation.test_script.Books03@17497425]" started-at="2024-04-24T13:04:00 IST" name="Verify_User_Is_able_To_Remove_Product_Compare_ProductList" finished-at="2024-04-24T13:04:06 IST" duration-ms="6034" status="PASS">
          <reporter-output>
            <line>
              <![CDATA[books page displayed]]>
            </line>
            <line>
              <![CDATA[Fictionexpage displayed]]>
            </line>
          </reporter-output>
        </test-method> <!-- Verify_User_Is_able_To_Remove_Product_Compare_ProductList -->
        <test-method is-config="true" signature="logout()[pri:0, instance:org.automation.test_script.Books03@17497425]" started-at="2024-04-24T13:04:06 IST" name="logout" finished-at="2024-04-24T13:04:07 IST" duration-ms="1567" status="PASS">
          <reporter-output>
          </reporter-output>
        </test-method> <!-- logout -->
        <test-method is-config="true" signature="close_Browser()[pri:0, instance:org.automation.test_script.Books03@17497425]" started-at="2024-04-24T13:04:07 IST" name="close_Browser" finished-at="2024-04-24T13:04:08 IST" duration-ms="428" status="PASS">
          <reporter-output>
          </reporter-output>
        </test-method> <!-- close_Browser -->
      </class> <!-- org.automation.test_script.Books03 -->
    </test> <!-- Default test -->
  </suite> <!-- Default suite -->
</testng-results>
